<?xml version="1.0" encoding="UTF-8"?>
<!-- Generated by org.testng.reporters.JUnitReportReporter -->
<testsuite hostname="ATNANDAKUMARK" name="com.singpost.vpost.flow.Proceedtocheckoutclick" tests="1" failures="0" timestamp="14 Dec 2016 12:59:10 GMT" time="21.370" errors="0">
  <testcase name="checkoutAsRegisteredLoginUserFlow" time="21.370" classname="com.singpost.vpost.flow.Proceedtocheckoutclick"/>
</testsuite> <!-- com.singpost.vpost.flow.Proceedtocheckoutclick -->
