<?xml version="1.0" encoding="UTF-8"?>
<!-- Generated by org.testng.reporters.JUnitReportReporter -->
<testsuite hostname="VITNANDAKUMARK" name="ss_tests.Payment" tests="2" failures="0" timestamp="15 Mar 2016 10:11:47 GMT" time="94.637" errors="0">
  <testcase name="Paymentflow" time="70.931" classname="ss_tests.Payment"/>
  <testcase name="checkoutAsRegisteredLoginUserFlow" time="23.706" classname="ss_tests.Payment"/>
</testsuite> <!-- ss_tests.Payment -->
