<?xml version="1.0" encoding="UTF-8"?>
<!-- Generated by org.testng.reporters.JUnitReportReporter -->
<testsuite hostname="ATNANDAKUMARK" name="com.singpost.vpost.flow.Payment" tests="1" failures="0" timestamp="23 Dec 2016 06:45:20 GMT" time="13.107" errors="0">
  <testcase name="checkoutAsRegisteredLoginUserFlow" time="13.107" classname="com.singpost.vpost.flow.Payment"/>
</testsuite> <!-- com.singpost.vpost.flow.Payment -->
