<?xml version="1.0" encoding="UTF-8"?>
<!-- Generated by org.testng.reporters.JUnitReportReporter -->
<testsuite hostname="VITNANDAKUMARK" name="ss_tests.MyShoppingclick" tests="1" failures="0" timestamp="22 Dec 2015 07:21:17 GMT" time="18.316" errors="0">
  <testcase name="checkoutAsRegisteredLoginUserFlow" time="18.316" classname="ss_tests.MyShoppingclick"/>
</testsuite> <!-- ss_tests.MyShoppingclick -->
